[ 2018-12-01T09:17:54+08:00 ] 127.0.0.1 /index.php/admin/
INFO: [ app_init ] --START--
INFO: Run Behavior\BuildLiteBehavior [ RunTime:0.000000s ]
INFO: [ app_init ] --END-- [ RunTime:0.001000s ]
INFO: [ app_begin ] --START--
INFO: Run Behavior\ReadHtmlCacheBehavior [ RunTime:0.001000s ]
INFO: [ app_begin ] --END-- [ RunTime:0.001000s ]
INFO: [ view_parse ] --START--
INFO: [ template_filter ] --START--
INFO: Run Behavior\ContentReplaceBehavior [ RunTime:0.000000s ]
INFO: [ template_filter ] --END-- [ RunTime:0.000000s ]
INFO: Run Behavior\ParseTemplateBehavior [ RunTime:0.331019s ]
INFO: [ view_parse ] --END-- [ RunTime:0.331019s ]
INFO: [ view_filter ] --START--
INFO: Run Behavior\WriteHtmlCacheBehavior [ RunTime:0.000000s ]
INFO: [ view_filter ] --END-- [ RunTime:0.000000s ]
INFO: [ app_end ] --START--
INFO: Run Behavior\ShowPageTraceBehavior [ RunTime:0.000000s ]
INFO: [ app_end ] --END-- [ RunTime:0.000000s ]

[ 2018-12-01T09:17:59+08:00 ] 127.0.0.1 /index.php/Admin/Product/product.html
INFO: [ app_init ] --START--
INFO: Run Behavior\BuildLiteBehavior [ RunTime:0.000000s ]
INFO: [ app_init ] --END-- [ RunTime:0.001000s ]
INFO: [ app_begin ] --START--
INFO: Run Behavior\ReadHtmlCacheBehavior [ RunTime:0.001000s ]
INFO: [ app_begin ] --END-- [ RunTime:0.001000s ]
INFO: [ view_parse ] --START--
INFO: [ template_filter ] --START--
INFO: Run Behavior\ContentReplaceBehavior [ RunTime:0.000000s ]
INFO: [ template_filter ] --END-- [ RunTime:0.000000s ]
INFO: Run Behavior\ParseTemplateBehavior [ RunTime:0.046003s ]
INFO: [ view_parse ] --END-- [ RunTime:0.046003s ]
INFO: [ view_filter ] --START--
INFO: Run Behavior\WriteHtmlCacheBehavior [ RunTime:0.000000s ]
INFO: [ view_filter ] --END-- [ RunTime:0.001000s ]
INFO: [ app_end ] --START--
INFO: Run Behavior\ShowPageTraceBehavior [ RunTime:0.001000s ]
INFO: [ app_end ] --END-- [ RunTime:0.001000s ]

[ 2018-12-01T09:18:00+08:00 ] 127.0.0.1 /index.php/Admin/Category/getCategoryByPID.html
INFO: [ app_init ] --START--
INFO: Run Behavior\BuildLiteBehavior [ RunTime:0.000000s ]
INFO: [ app_init ] --END-- [ RunTime:0.001000s ]
INFO: [ app_begin ] --START--
INFO: Run Behavior\ReadHtmlCacheBehavior [ RunTime:0.001000s ]
INFO: [ app_begin ] --END-- [ RunTime:0.001000s ]
SQL: SHOW COLUMNS FROM `category` [ RunTime:0.0000s ]
SQL: SELECT `id`,`name` FROM `category` WHERE ( pid=0 )  [ RunTime:0.0000s ]

[ 2018-12-01T09:18:00+08:00 ] 127.0.0.1 /index.php/Admin/Product/getProduct.html
INFO: [ app_init ] --START--
INFO: Run Behavior\BuildLiteBehavior [ RunTime:0.000000s ]
INFO: [ app_init ] --END-- [ RunTime:0.000000s ]
INFO: [ app_begin ] --START--
INFO: Run Behavior\ReadHtmlCacheBehavior [ RunTime:0.000000s ]
INFO: [ app_begin ] --END-- [ RunTime:0.001000s ]
NOTIC: [8] Undefined index: c4 D:\WWW\demo2\cheshi\Application\Admin\Controller\ProductController.class.php 第 114 行.
NOTIC: [8] Undefined index: c3 D:\WWW\demo2\cheshi\Application\Admin\Controller\ProductController.class.php 第 114 行.
NOTIC: [8] Undefined index: c2 D:\WWW\demo2\cheshi\Application\Admin\Controller\ProductController.class.php 第 114 行.
NOTIC: [8] Undefined index: c1 D:\WWW\demo2\cheshi\Application\Admin\Controller\ProductController.class.php 第 114 行.
SQL: SHOW COLUMNS FROM `product` [ RunTime:0.0000s ]
SQL: SELECT COUNT(id) AS tp_count FROM `product` WHERE (  1=1  ) LIMIT 1   [ RunTime:0.0000s ]
SQL: SELECT `id`,`pic1`,`name`,`type`,`od`,`state` FROM `product` WHERE (  1=1  ) ORDER BY id desc LIMIT 0,10   [ RunTime:0.0000s ]
INFO: [ app_end ] --START--
INFO: Run Behavior\ShowPageTraceBehavior [ RunTime:0.000000s ]
INFO: [ app_end ] --END-- [ RunTime:0.000000s ]

[ 2018-12-01T09:18:04+08:00 ] 127.0.0.1 /index.php/Admin/Product/ProductAdd/id/7
INFO: [ app_init ] --START--
INFO: Run Behavior\BuildLiteBehavior [ RunTime:0.000000s ]
INFO: [ app_init ] --END-- [ RunTime:0.001000s ]
INFO: [ app_begin ] --START--
INFO: Run Behavior\ReadHtmlCacheBehavior [ RunTime:0.001000s ]
INFO: [ app_begin ] --END-- [ RunTime:0.001000s ]
SQL: SHOW COLUMNS FROM `product` [ RunTime:0.0080s ]
SQL: SELECT * FROM `product` WHERE `id` = 7 LIMIT 1   [ RunTime:0.0010s ]
SQL: SHOW COLUMNS FROM `category` [ RunTime:0.0120s ]
SQL: SELECT `id`,`name` FROM `category` WHERE ( pid=0 )  [ RunTime:0.0010s ]
INFO: [ view_parse ] --START--
INFO: [ template_filter ] --START--
INFO: Run Behavior\ContentReplaceBehavior [ RunTime:0.000000s ]
INFO: [ template_filter ] --END-- [ RunTime:0.000000s ]
INFO: Run Behavior\ParseTemplateBehavior [ RunTime:0.043003s ]
INFO: [ view_parse ] --END-- [ RunTime:0.043003s ]
INFO: [ view_filter ] --START--
INFO: Run Behavior\WriteHtmlCacheBehavior [ RunTime:0.000000s ]
INFO: [ view_filter ] --END-- [ RunTime:0.000000s ]
INFO: [ app_end ] --START--
INFO: Run Behavior\ShowPageTraceBehavior [ RunTime:0.001000s ]
INFO: [ app_end ] --END-- [ RunTime:0.001000s ]

[ 2018-12-01T09:18:05+08:00 ] 127.0.0.1 /index.php/Admin/Category/getBrothersCategory.html
INFO: [ app_init ] --START--
INFO: Run Behavior\BuildLiteBehavior [ RunTime:0.000000s ]
INFO: [ app_init ] --END-- [ RunTime:0.001000s ]
INFO: [ app_begin ] --START--
INFO: Run Behavior\ReadHtmlCacheBehavior [ RunTime:0.001000s ]
INFO: [ app_begin ] --END-- [ RunTime:0.002000s ]
SQL: SHOW COLUMNS FROM `category` [ RunTime:0.0050s ]
SQL: SELECT `pid` FROM `category` WHERE ( id=6 ) LIMIT 1   [ RunTime:0.0010s ]
SQL: SELECT * FROM `category` WHERE ( pid=0 )  [ RunTime:0.0000s ]

[ 2018-12-01T09:18:05+08:00 ] 127.0.0.1 /index.php/Admin/Product/getProductAttr.html
INFO: [ app_init ] --START--
INFO: Run Behavior\BuildLiteBehavior [ RunTime:0.000000s ]
INFO: [ app_init ] --END-- [ RunTime:0.002000s ]
INFO: [ app_begin ] --START--
INFO: Run Behavior\ReadHtmlCacheBehavior [ RunTime:0.014001s ]
INFO: [ app_begin ] --END-- [ RunTime:0.014001s ]
SQL: SHOW COLUMNS FROM `productattr` [ RunTime:0.3150s ]
SQL: SELECT `attrValueID` FROM `productattr` WHERE ( pid=7 )  [ RunTime:0.0010s ]

[ 2018-12-01T09:18:05+08:00 ] 127.0.0.1 /index.php/Admin/Product/getProductTag.html
INFO: [ app_init ] --START--
INFO: Run Behavior\BuildLiteBehavior [ RunTime:0.000000s ]
INFO: [ app_init ] --END-- [ RunTime:0.005000s ]
INFO: [ app_begin ] --START--
INFO: Run Behavior\ReadHtmlCacheBehavior [ RunTime:0.001000s ]
INFO: [ app_begin ] --END-- [ RunTime:0.001000s ]
SQL: SHOW COLUMNS FROM `producttag` [ RunTime:0.0080s ]
SQL: SELECT `tagValueID` FROM `producttag` WHERE ( pid=7 )  [ RunTime:0.0000s ]

[ 2018-12-01T09:18:05+08:00 ] 127.0.0.1 /index.php/Admin/Brand/getAllBrand.html
INFO: [ app_init ] --START--
INFO: Run Behavior\BuildLiteBehavior [ RunTime:0.000000s ]
INFO: [ app_init ] --END-- [ RunTime:0.001000s ]
INFO: [ app_begin ] --START--
INFO: Run Behavior\ReadHtmlCacheBehavior [ RunTime:0.003000s ]
INFO: [ app_begin ] --END-- [ RunTime:0.003000s ]
SQL: SHOW COLUMNS FROM `brand` [ RunTime:0.0170s ]
SQL: SELECT `id`,`name` FROM `brand` ORDER BY id desc  [ RunTime:0.0070s ]

[ 2018-12-01T09:18:05+08:00 ] 127.0.0.1 /index.php/Admin/Category/getBrothersCategory.html
INFO: [ app_init ] --START--
INFO: Run Behavior\BuildLiteBehavior [ RunTime:0.000000s ]
INFO: [ app_init ] --END-- [ RunTime:0.001000s ]
INFO: [ app_begin ] --START--
INFO: Run Behavior\ReadHtmlCacheBehavior [ RunTime:0.002000s ]
INFO: [ app_begin ] --END-- [ RunTime:0.002000s ]
SQL: SHOW COLUMNS FROM `category` [ RunTime:0.0070s ]
SQL: SELECT `pid` FROM `category` WHERE ( id=7 ) LIMIT 1   [ RunTime:0.0010s ]
SQL: SELECT * FROM `category` WHERE ( pid=6 )  [ RunTime:0.0000s ]

[ 2018-12-01T09:18:06+08:00 ] 127.0.0.1 /index.php/Admin/Attr/getAttrByCID.html
INFO: [ app_init ] --START--
INFO: Run Behavior\BuildLiteBehavior [ RunTime:0.000000s ]
INFO: [ app_init ] --END-- [ RunTime:0.001000s ]
INFO: [ app_begin ] --START--
INFO: Run Behavior\ReadHtmlCacheBehavior [ RunTime:0.001000s ]
INFO: [ app_begin ] --END-- [ RunTime:0.001000s ]
SQL: SHOW COLUMNS FROM `attrkey` [ RunTime:0.1140s ]
SQL: SELECT `id`,`name` FROM `attrkey` WHERE ( cid=7 ) ORDER BY od desc  [ RunTime:0.0000s ]
SQL: SHOW COLUMNS FROM `attrvalue` [ RunTime:0.0940s ]
SQL: SELECT `id`,`name` FROM `attrvalue` WHERE ( keyID=8 ) ORDER BY od desc  [ RunTime:0.0000s ]

[ 2018-12-01T09:18:06+08:00 ] 127.0.0.1 /index.php/Admin/Tag/getTagByCID.html
INFO: [ app_init ] --START--
INFO: Run Behavior\BuildLiteBehavior [ RunTime:0.000000s ]
INFO: [ app_init ] --END-- [ RunTime:0.000000s ]
INFO: [ app_begin ] --START--
INFO: Run Behavior\ReadHtmlCacheBehavior [ RunTime:0.000000s ]
INFO: [ app_begin ] --END-- [ RunTime:0.000000s ]
SQL: SHOW COLUMNS FROM `tagkey` [ RunTime:0.0120s ]
SQL: SELECT `id`,`name` FROM `tagkey` WHERE ( cid=6 ) ORDER BY od desc  [ RunTime:0.0010s ]
SQL: SHOW COLUMNS FROM `tagvalue` [ RunTime:0.0120s ]
SQL: SELECT `id`,`name` FROM `tagvalue` WHERE ( keyID=8 ) ORDER BY od desc  [ RunTime:0.0010s ]
SQL: SELECT `id`,`name` FROM `tagvalue` WHERE ( keyID=9 ) ORDER BY od desc  [ RunTime:0.0000s ]

[ 2018-12-01T09:18:15+08:00 ] 127.0.0.1 /index.php/Admin/Attr/getAttrByCID.html
INFO: [ app_init ] --START--
INFO: Run Behavior\BuildLiteBehavior [ RunTime:0.000000s ]
INFO: [ app_init ] --END-- [ RunTime:0.001000s ]
INFO: [ app_begin ] --START--
INFO: Run Behavior\ReadHtmlCacheBehavior [ RunTime:0.001000s ]
INFO: [ app_begin ] --END-- [ RunTime:0.001000s ]
SQL: SHOW COLUMNS FROM `attrkey` [ RunTime:0.0150s ]
SQL: SELECT `id`,`name` FROM `attrkey` WHERE ( cid=28 ) ORDER BY od desc  [ RunTime:0.0000s ]
SQL: SHOW COLUMNS FROM `attrvalue` [ RunTime:0.0120s ]

[ 2018-12-01T09:18:15+08:00 ] 127.0.0.1 /index.php/Admin/Category/getCategoryByPID.html
INFO: [ app_init ] --START--
INFO: Run Behavior\BuildLiteBehavior [ RunTime:0.000000s ]
INFO: [ app_init ] --END-- [ RunTime:0.001000s ]
INFO: [ app_begin ] --START--
INFO: Run Behavior\ReadHtmlCacheBehavior [ RunTime:0.001000s ]
INFO: [ app_begin ] --END-- [ RunTime:0.001000s ]
SQL: SHOW COLUMNS FROM `category` [ RunTime:0.0070s ]
SQL: SELECT `id`,`name` FROM `category` WHERE ( pid=28 )  [ RunTime:0.0000s ]

[ 2018-12-01T09:18:17+08:00 ] 127.0.0.1 /index.php/Admin/Attr/getAttrByCID.html
INFO: [ app_init ] --START--
INFO: Run Behavior\BuildLiteBehavior [ RunTime:0.000000s ]
INFO: [ app_init ] --END-- [ RunTime:0.000000s ]
INFO: [ app_begin ] --START--
INFO: Run Behavior\ReadHtmlCacheBehavior [ RunTime:0.000000s ]
INFO: [ app_begin ] --END-- [ RunTime:0.000000s ]
SQL: SHOW COLUMNS FROM `attrkey` [ RunTime:0.0110s ]
SQL: SELECT `id`,`name` FROM `attrkey` WHERE ( cid=7 ) ORDER BY od desc  [ RunTime:0.0000s ]
SQL: SHOW COLUMNS FROM `attrvalue` [ RunTime:0.0110s ]
SQL: SELECT `id`,`name` FROM `attrvalue` WHERE ( keyID=8 ) ORDER BY od desc  [ RunTime:0.0000s ]

[ 2018-12-01T09:18:17+08:00 ] 127.0.0.1 /index.php/Admin/Category/getCategoryByPID.html
INFO: [ app_init ] --START--
INFO: Run Behavior\BuildLiteBehavior [ RunTime:0.000000s ]
INFO: [ app_init ] --END-- [ RunTime:0.015600s ]
INFO: [ app_begin ] --START--
INFO: Run Behavior\ReadHtmlCacheBehavior [ RunTime:0.001000s ]
INFO: [ app_begin ] --END-- [ RunTime:0.001000s ]
SQL: SHOW COLUMNS FROM `category` [ RunTime:0.0000s ]
SQL: SELECT `id`,`name` FROM `category` WHERE ( pid=7 )  [ RunTime:0.0000s ]

[ 2018-12-01T09:18:25+08:00 ] 127.0.0.1 /index.php/Admin/Category/getCategoryByPID.html
INFO: [ app_init ] --START--
INFO: Run Behavior\BuildLiteBehavior [ RunTime:0.000000s ]
INFO: [ app_init ] --END-- [ RunTime:0.000000s ]
INFO: [ app_begin ] --START--
INFO: Run Behavior\ReadHtmlCacheBehavior [ RunTime:0.000000s ]
INFO: [ app_begin ] --END-- [ RunTime:0.000000s ]
SQL: SHOW COLUMNS FROM `category` [ RunTime:0.0226s ]
SQL: SELECT `id`,`name` FROM `category` WHERE ( pid=30 )  [ RunTime:0.0010s ]

[ 2018-12-01T09:18:55+08:00 ] 127.0.0.1 /index.php/Admin/Product/save.html
INFO: [ app_init ] --START--
INFO: Run Behavior\BuildLiteBehavior [ RunTime:0.000000s ]
INFO: [ app_init ] --END-- [ RunTime:0.001000s ]
INFO: [ app_begin ] --START--
INFO: Run Behavior\ReadHtmlCacheBehavior [ RunTime:0.001000s ]
INFO: [ app_begin ] --END-- [ RunTime:0.001000s ]
NOTIC: [2] Missing argument 1 for I(), called in D:\WWW\demo2\cheshi\Application\Admin\Controller\ProductController.class.php on line 24 and defined D:\WWW\demo2\cheshi\thinkphp\Common\functions.php 第 271 行.
NOTIC: [8] Undefined variable: name D:\WWW\demo2\cheshi\thinkphp\Common\functions.php 第 273 行.
NOTIC: [8] Undefined variable: name D:\WWW\demo2\cheshi\thinkphp\Common\functions.php 第 278 行.
NOTIC: [8] Undefined variable: name D:\WWW\demo2\cheshi\thinkphp\Common\functions.php 第 339 行.
NOTIC: [8] Undefined index: attr D:\WWW\demo2\cheshi\Application\Admin\Controller\ProductController.class.php 第 42 行.
SQL: SHOW COLUMNS FROM `product` [ RunTime:0.0110s ]
NOTIC: [8] Undefined index: validate D:\WWW\demo2\cheshi\thinkphp\Library\Think\Model.class.php 第 1185 行.
NOTIC: [8] Undefined index: auto D:\WWW\demo2\cheshi\thinkphp\Library\Think\Model.class.php 第 1128 行.
SQL: UPDATE `product` SET `name`='数码相机微单',`type`='14-ceute',`brand`='3',`c1`='6',`c2`='7',`c3`='30',`c4`='0',`od`='0',`discount`='15%',`isdiscount`='1',`column1`='1',`pic1`='/public/Img/2018-11-27/15433077392236.jpg',`pic2`='',`pic3`='',`pic4`='',`tcontent`='&lt;p&gt;333&lt;/p&gt;',`pcontent`='&lt;p&gt;111&lt;/p&gt;',`column2`='2',`column3`='2',`column4`='2',`column5`='2' WHERE `id` = 7 [ RunTime:0.0780s ]
SQL: SHOW COLUMNS FROM `producttag` [ RunTime:0.0120s ]
SQL: DELETE FROM `producttag` WHERE ( pid=7 ) [ RunTime:0.0010s ]
SQL: SHOW COLUMNS FROM `productattr` [ RunTime:0.0130s ]
SQL: DELETE FROM `productattr` WHERE ( pid=7 ) [ RunTime:0.0040s ]
SQL: INSERT INTO `producttag` (`pid`,`tagValueID`) VALUES ('7','7') [ RunTime:0.0240s ]
INFO: [ view_parse ] --START--
INFO: [ template_filter ] --START--
INFO: Run Behavior\ContentReplaceBehavior [ RunTime:0.000000s ]
INFO: [ template_filter ] --END-- [ RunTime:0.000000s ]
INFO: Run Behavior\ParseTemplateBehavior [ RunTime:0.008000s ]
INFO: [ view_parse ] --END-- [ RunTime:0.009000s ]
INFO: [ view_filter ] --START--
INFO: Run Behavior\WriteHtmlCacheBehavior [ RunTime:0.000000s ]
INFO: [ view_filter ] --END-- [ RunTime:0.000000s ]
INFO: [ app_end ] --START--
INFO: Run Behavior\ShowPageTraceBehavior [ RunTime:0.001000s ]
INFO: [ app_end ] --END-- [ RunTime:0.001000s ]

[ 2018-12-01T09:18:56+08:00 ] 127.0.0.1 /index.php/Admin/Product/ProductAdd/id/7
INFO: [ app_init ] --START--
INFO: Run Behavior\BuildLiteBehavior [ RunTime:0.000000s ]
INFO: [ app_init ] --END-- [ RunTime:0.001000s ]
INFO: [ app_begin ] --START--
INFO: Run Behavior\ReadHtmlCacheBehavior [ RunTime:0.001000s ]
INFO: [ app_begin ] --END-- [ RunTime:0.001000s ]
SQL: SHOW COLUMNS FROM `product` [ RunTime:0.0120s ]
SQL: SELECT * FROM `product` WHERE `id` = 7 LIMIT 1   [ RunTime:0.0010s ]
SQL: SHOW COLUMNS FROM `category` [ RunTime:0.0120s ]
SQL: SELECT `id`,`name` FROM `category` WHERE ( pid=0 )  [ RunTime:0.0000s ]
INFO: [ view_parse ] --START--
INFO: [ template_filter ] --START--
INFO: Run Behavior\ContentReplaceBehavior [ RunTime:0.000000s ]
INFO: [ template_filter ] --END-- [ RunTime:0.000000s ]
INFO: Run Behavior\ParseTemplateBehavior [ RunTime:0.018001s ]
INFO: [ view_parse ] --END-- [ RunTime:0.019001s ]
INFO: [ view_filter ] --START--
INFO: Run Behavior\WriteHtmlCacheBehavior [ RunTime:0.000000s ]
INFO: [ view_filter ] --END-- [ RunTime:0.000000s ]
INFO: [ app_end ] --START--
INFO: Run Behavior\ShowPageTraceBehavior [ RunTime:0.001000s ]
INFO: [ app_end ] --END-- [ RunTime:0.001000s ]

[ 2018-12-01T09:18:56+08:00 ] 127.0.0.1 /index.php/Admin/Category/getBrothersCategory.html
INFO: [ app_init ] --START--
INFO: Run Behavior\BuildLiteBehavior [ RunTime:0.000000s ]
INFO: [ app_init ] --END-- [ RunTime:0.001000s ]
INFO: [ app_begin ] --START--
INFO: Run Behavior\ReadHtmlCacheBehavior [ RunTime:0.002000s ]
INFO: [ app_begin ] --END-- [ RunTime:0.002000s ]
SQL: SHOW COLUMNS FROM `category` [ RunTime:0.0080s ]
SQL: SELECT `pid` FROM `category` WHERE ( id=6 ) LIMIT 1   [ RunTime:0.0010s ]
SQL: SELECT * FROM `category` WHERE ( pid=0 )  [ RunTime:0.0020s ]

[ 2018-12-01T09:18:56+08:00 ] 127.0.0.1 /index.php/Admin/Product/getProductTag.html
INFO: [ app_init ] --START--
INFO: Run Behavior\BuildLiteBehavior [ RunTime:0.000000s ]
INFO: [ app_init ] --END-- [ RunTime:0.003000s ]
INFO: [ app_begin ] --START--
INFO: Run Behavior\ReadHtmlCacheBehavior [ RunTime:0.002001s ]
INFO: [ app_begin ] --END-- [ RunTime:0.002001s ]
SQL: SHOW COLUMNS FROM `producttag` [ RunTime:0.0210s ]
SQL: SELECT `tagValueID` FROM `producttag` WHERE ( pid=7 )  [ RunTime:0.0010s ]

[ 2018-12-01T09:18:56+08:00 ] 127.0.0.1 /index.php/Admin/Category/getBrothersCategory.html
INFO: [ app_init ] --START--
INFO: Run Behavior\BuildLiteBehavior [ RunTime:0.000000s ]
INFO: [ app_init ] --END-- [ RunTime:0.001001s ]
INFO: [ app_begin ] --START--
INFO: Run Behavior\ReadHtmlCacheBehavior [ RunTime:0.030002s ]
INFO: [ app_begin ] --END-- [ RunTime:0.030002s ]
SQL: SHOW COLUMNS FROM `category` [ RunTime:0.0070s ]
SQL: SELECT `pid` FROM `category` WHERE ( id=7 ) LIMIT 1   [ RunTime:0.0000s ]
SQL: SELECT * FROM `category` WHERE ( pid=6 )  [ RunTime:0.0000s ]

[ 2018-12-01T09:18:56+08:00 ] 127.0.0.1 /index.php/Admin/Category/getBrothersCategory.html
INFO: [ app_init ] --START--
INFO: Run Behavior\BuildLiteBehavior [ RunTime:0.000000s ]
INFO: [ app_init ] --END-- [ RunTime:0.009000s ]
INFO: [ app_begin ] --START--
INFO: Run Behavior\ReadHtmlCacheBehavior [ RunTime:0.004000s ]
INFO: [ app_begin ] --END-- [ RunTime:0.004000s ]
SQL: SHOW COLUMNS FROM `category` [ RunTime:0.0200s ]
SQL: SELECT `pid` FROM `category` WHERE ( id=30 ) LIMIT 1   [ RunTime:0.0020s ]
SQL: SELECT * FROM `category` WHERE ( pid=7 )  [ RunTime:0.0010s ]

[ 2018-12-01T09:18:56+08:00 ] 127.0.0.1 /index.php/Admin/Brand/getAllBrand.html
INFO: [ app_init ] --START--
INFO: Run Behavior\BuildLiteBehavior [ RunTime:0.000000s ]
INFO: [ app_init ] --END-- [ RunTime:0.001000s ]
INFO: [ app_begin ] --START--
INFO: Run Behavior\ReadHtmlCacheBehavior [ RunTime:0.001000s ]
INFO: [ app_begin ] --END-- [ RunTime:0.001000s ]
SQL: SHOW COLUMNS FROM `brand` [ RunTime:0.0060s ]
SQL: SELECT `id`,`name` FROM `brand` ORDER BY id desc  [ RunTime:0.0060s ]

[ 2018-12-01T09:18:56+08:00 ] 127.0.0.1 /index.php/Admin/Product/getProductAttr.html
INFO: [ app_init ] --START--
INFO: Run Behavior\BuildLiteBehavior [ RunTime:0.000000s ]
INFO: [ app_init ] --END-- [ RunTime:0.001000s ]
INFO: [ app_begin ] --START--
INFO: Run Behavior\ReadHtmlCacheBehavior [ RunTime:0.001000s ]
INFO: [ app_begin ] --END-- [ RunTime:0.001000s ]
SQL: SHOW COLUMNS FROM `productattr` [ RunTime:0.0090s ]
SQL: SELECT `attrValueID` FROM `productattr` WHERE ( pid=7 )  [ RunTime:0.0010s ]

[ 2018-12-01T09:18:57+08:00 ] 127.0.0.1 /index.php/Admin/Tag/getTagByCID.html
INFO: [ app_init ] --START--
INFO: Run Behavior\BuildLiteBehavior [ RunTime:0.000000s ]
INFO: [ app_init ] --END-- [ RunTime:0.001000s ]
INFO: [ app_begin ] --START--
INFO: Run Behavior\ReadHtmlCacheBehavior [ RunTime:0.001000s ]
INFO: [ app_begin ] --END-- [ RunTime:0.001000s ]
SQL: SHOW COLUMNS FROM `tagkey` [ RunTime:0.0060s ]
SQL: SELECT `id`,`name` FROM `tagkey` WHERE ( cid=6 ) ORDER BY od desc  [ RunTime:0.0010s ]
SQL: SHOW COLUMNS FROM `tagvalue` [ RunTime:0.0070s ]
SQL: SELECT `id`,`name` FROM `tagvalue` WHERE ( keyID=8 ) ORDER BY od desc  [ RunTime:0.0010s ]
SQL: SELECT `id`,`name` FROM `tagvalue` WHERE ( keyID=9 ) ORDER BY od desc  [ RunTime:0.0010s ]

[ 2018-12-01T09:18:57+08:00 ] 127.0.0.1 /index.php/Admin/Attr/getAttrByCID.html
INFO: [ app_init ] --START--
INFO: Run Behavior\BuildLiteBehavior [ RunTime:0.000000s ]
INFO: [ app_init ] --END-- [ RunTime:0.001001s ]
INFO: [ app_begin ] --START--
INFO: Run Behavior\ReadHtmlCacheBehavior [ RunTime:0.001000s ]
INFO: [ app_begin ] --END-- [ RunTime:0.001000s ]
SQL: SHOW COLUMNS FROM `attrkey` [ RunTime:0.0090s ]
SQL: SELECT `id`,`name` FROM `attrkey` WHERE ( cid=7 ) ORDER BY od desc  [ RunTime:0.0000s ]
SQL: SHOW COLUMNS FROM `attrvalue` [ RunTime:0.0110s ]
SQL: SELECT `id`,`name` FROM `attrvalue` WHERE ( keyID=8 ) ORDER BY od desc  [ RunTime:0.0000s ]

[ 2018-12-01T09:19:29+08:00 ] 127.0.0.1 /index.php/Admin/Product/product.html
INFO: [ app_init ] --START--
INFO: Run Behavior\BuildLiteBehavior [ RunTime:0.000000s ]
INFO: [ app_init ] --END-- [ RunTime:0.001000s ]
INFO: [ app_begin ] --START--
INFO: Run Behavior\ReadHtmlCacheBehavior [ RunTime:0.001000s ]
INFO: [ app_begin ] --END-- [ RunTime:0.001000s ]
INFO: [ view_parse ] --START--
INFO: [ template_filter ] --START--
INFO: Run Behavior\ContentReplaceBehavior [ RunTime:0.000000s ]
INFO: [ template_filter ] --END-- [ RunTime:0.000000s ]
INFO: Run Behavior\ParseTemplateBehavior [ RunTime:0.012000s ]
INFO: [ view_parse ] --END-- [ RunTime:0.012000s ]
INFO: [ view_filter ] --START--
INFO: Run Behavior\WriteHtmlCacheBehavior [ RunTime:0.001000s ]
INFO: [ view_filter ] --END-- [ RunTime:0.001000s ]
INFO: [ app_end ] --START--
INFO: Run Behavior\ShowPageTraceBehavior [ RunTime:0.001000s ]
INFO: [ app_end ] --END-- [ RunTime:0.001000s ]

[ 2018-12-01T09:19:29+08:00 ] 127.0.0.1 /index.php/Admin/Product/getProduct.html
INFO: [ app_init ] --START--
INFO: Run Behavior\BuildLiteBehavior [ RunTime:0.000000s ]
INFO: [ app_init ] --END-- [ RunTime:0.001000s ]
INFO: [ app_begin ] --START--
INFO: Run Behavior\ReadHtmlCacheBehavior [ RunTime:0.001000s ]
INFO: [ app_begin ] --END-- [ RunTime:0.001000s ]
NOTIC: [8] Undefined index: c4 D:\WWW\demo2\cheshi\Application\Admin\Controller\ProductController.class.php 第 114 行.
NOTIC: [8] Undefined index: c3 D:\WWW\demo2\cheshi\Application\Admin\Controller\ProductController.class.php 第 114 行.
NOTIC: [8] Undefined index: c2 D:\WWW\demo2\cheshi\Application\Admin\Controller\ProductController.class.php 第 114 行.
NOTIC: [8] Undefined index: c1 D:\WWW\demo2\cheshi\Application\Admin\Controller\ProductController.class.php 第 114 行.
SQL: SHOW COLUMNS FROM `product` [ RunTime:0.0060s ]
SQL: SELECT COUNT(id) AS tp_count FROM `product` WHERE (  1=1  ) LIMIT 1   [ RunTime:0.0000s ]
SQL: SELECT `id`,`pic1`,`name`,`type`,`od`,`state` FROM `product` WHERE (  1=1  ) ORDER BY id desc LIMIT 0,10   [ RunTime:0.0010s ]
INFO: [ app_end ] --START--
INFO: Run Behavior\ShowPageTraceBehavior [ RunTime:0.001001s ]
INFO: [ app_end ] --END-- [ RunTime:0.001001s ]

[ 2018-12-01T09:19:29+08:00 ] 127.0.0.1 /index.php/Admin/Category/getCategoryByPID.html
INFO: [ app_init ] --START--
INFO: Run Behavior\BuildLiteBehavior [ RunTime:0.000000s ]
INFO: [ app_init ] --END-- [ RunTime:0.001000s ]
INFO: [ app_begin ] --START--
INFO: Run Behavior\ReadHtmlCacheBehavior [ RunTime:0.000000s ]
INFO: [ app_begin ] --END-- [ RunTime:0.001001s ]
SQL: SHOW COLUMNS FROM `category` [ RunTime:0.0150s ]
SQL: SELECT `id`,`name` FROM `category` WHERE ( pid=0 )  [ RunTime:0.0000s ]

[ 2018-12-01T09:19:32+08:00 ] 127.0.0.1 /index.php/Admin/Product/ProductAdd/id/7
INFO: [ app_init ] --START--
INFO: Run Behavior\BuildLiteBehavior [ RunTime:0.000000s ]
INFO: [ app_init ] --END-- [ RunTime:0.001000s ]
INFO: [ app_begin ] --START--
INFO: Run Behavior\ReadHtmlCacheBehavior [ RunTime:0.000000s ]
INFO: [ app_begin ] --END-- [ RunTime:0.000000s ]
SQL: SHOW COLUMNS FROM `product` [ RunTime:0.0070s ]
SQL: SELECT * FROM `product` WHERE `id` = 7 LIMIT 1   [ RunTime:0.0010s ]
SQL: SHOW COLUMNS FROM `category` [ RunTime:0.0210s ]
SQL: SELECT `id`,`name` FROM `category` WHERE ( pid=0 )  [ RunTime:0.0010s ]
INFO: [ view_parse ] --START--
INFO: [ template_filter ] --START--
INFO: Run Behavior\ContentReplaceBehavior [ RunTime:0.000000s ]
INFO: [ template_filter ] --END-- [ RunTime:0.000000s ]
INFO: Run Behavior\ParseTemplateBehavior [ RunTime:0.019001s ]
INFO: [ view_parse ] --END-- [ RunTime:0.019001s ]
INFO: [ view_filter ] --START--
INFO: Run Behavior\WriteHtmlCacheBehavior [ RunTime:0.001000s ]
INFO: [ view_filter ] --END-- [ RunTime:0.001000s ]
INFO: [ app_end ] --START--
INFO: Run Behavior\ShowPageTraceBehavior [ RunTime:0.001000s ]
INFO: [ app_end ] --END-- [ RunTime:0.001000s ]

[ 2018-12-01T09:19:32+08:00 ] 127.0.0.1 /index.php/Admin/Category/getBrothersCategory.html
INFO: [ app_init ] --START--
INFO: Run Behavior\BuildLiteBehavior [ RunTime:0.000000s ]
INFO: [ app_init ] --END-- [ RunTime:0.000000s ]
INFO: [ app_begin ] --START--
INFO: Run Behavior\ReadHtmlCacheBehavior [ RunTime:0.001000s ]
INFO: [ app_begin ] --END-- [ RunTime:0.001000s ]
SQL: SHOW COLUMNS FROM `category` [ RunTime:0.0060s ]
SQL: SELECT `pid` FROM `category` WHERE ( id=6 ) LIMIT 1   [ RunTime:0.0000s ]
SQL: SELECT * FROM `category` WHERE ( pid=0 )  [ RunTime:0.0010s ]

[ 2018-12-01T09:19:32+08:00 ] 127.0.0.1 /index.php/Admin/Product/getProductTag.html
INFO: [ app_init ] --START--
INFO: Run Behavior\BuildLiteBehavior [ RunTime:0.000000s ]
INFO: [ app_init ] --END-- [ RunTime:0.001000s ]
INFO: [ app_begin ] --START--
INFO: Run Behavior\ReadHtmlCacheBehavior [ RunTime:0.001000s ]
INFO: [ app_begin ] --END-- [ RunTime:0.001000s ]
SQL: SHOW COLUMNS FROM `producttag` [ RunTime:0.0070s ]
SQL: SELECT `tagValueID` FROM `producttag` WHERE ( pid=7 )  [ RunTime:0.0000s ]

[ 2018-12-01T09:19:32+08:00 ] 127.0.0.1 /index.php/Admin/Category/getBrothersCategory.html
INFO: [ app_init ] --START--
INFO: Run Behavior\BuildLiteBehavior [ RunTime:0.000000s ]
INFO: [ app_init ] --END-- [ RunTime:0.004000s ]
INFO: [ app_begin ] --START--
INFO: Run Behavior\ReadHtmlCacheBehavior [ RunTime:0.001000s ]
INFO: [ app_begin ] --END-- [ RunTime:0.002000s ]
SQL: SHOW COLUMNS FROM `category` [ RunTime:0.0140s ]
SQL: SELECT `pid` FROM `category` WHERE ( id=7 ) LIMIT 1   [ RunTime:0.0010s ]
SQL: SELECT * FROM `category` WHERE ( pid=6 )  [ RunTime:0.0000s ]

[ 2018-12-01T09:19:32+08:00 ] 127.0.0.1 /index.php/Admin/Product/getProductAttr.html
INFO: [ app_init ] --START--
INFO: Run Behavior\BuildLiteBehavior [ RunTime:0.000000s ]
INFO: [ app_init ] --END-- [ RunTime:0.001000s ]
INFO: [ app_begin ] --START--
INFO: Run Behavior\ReadHtmlCacheBehavior [ RunTime:0.001000s ]
INFO: [ app_begin ] --END-- [ RunTime:0.001000s ]
SQL: SHOW COLUMNS FROM `productattr` [ RunTime:0.0240s ]
SQL: SELECT `attrValueID` FROM `productattr` WHERE ( pid=7 )  [ RunTime:0.0000s ]

[ 2018-12-01T09:19:32+08:00 ] 127.0.0.1 /index.php/Admin/Category/getBrothersCategory.html
INFO: [ app_init ] --START--
INFO: Run Behavior\BuildLiteBehavior [ RunTime:0.000000s ]
INFO: [ app_init ] --END-- [ RunTime:0.001000s ]
INFO: [ app_begin ] --START--
INFO: Run Behavior\ReadHtmlCacheBehavior [ RunTime:0.000000s ]
INFO: [ app_begin ] --END-- [ RunTime:0.000000s ]
SQL: SHOW COLUMNS FROM `category` [ RunTime:0.0120s ]
SQL: SELECT `pid` FROM `category` WHERE ( id=30 ) LIMIT 1   [ RunTime:0.0010s ]
SQL: SELECT * FROM `category` WHERE ( pid=7 )  [ RunTime:0.0000s ]

[ 2018-12-01T09:19:32+08:00 ] 127.0.0.1 /index.php/Admin/Brand/getAllBrand.html
INFO: [ app_init ] --START--
INFO: Run Behavior\BuildLiteBehavior [ RunTime:0.000000s ]
INFO: [ app_init ] --END-- [ RunTime:0.001000s ]
INFO: [ app_begin ] --START--
INFO: Run Behavior\ReadHtmlCacheBehavior [ RunTime:0.001000s ]
INFO: [ app_begin ] --END-- [ RunTime:0.001000s ]
SQL: SHOW COLUMNS FROM `brand` [ RunTime:0.0080s ]
SQL: SELECT `id`,`name` FROM `brand` ORDER BY id desc  [ RunTime:0.0010s ]

[ 2018-12-01T09:19:32+08:00 ] 127.0.0.1 /index.php/Admin/Tag/getTagByCID.html
INFO: [ app_init ] --START--
INFO: Run Behavior\BuildLiteBehavior [ RunTime:0.000000s ]
INFO: [ app_init ] --END-- [ RunTime:0.001000s ]
INFO: [ app_begin ] --START--
INFO: Run Behavior\ReadHtmlCacheBehavior [ RunTime:0.001000s ]
INFO: [ app_begin ] --END-- [ RunTime:0.001000s ]
SQL: SHOW COLUMNS FROM `tagkey` [ RunTime:0.0110s ]
SQL: SELECT `id`,`name` FROM `tagkey` WHERE ( cid=6 ) ORDER BY od desc  [ RunTime:0.0010s ]
SQL: SHOW COLUMNS FROM `tagvalue` [ RunTime:0.0060s ]
SQL: SELECT `id`,`name` FROM `tagvalue` WHERE ( keyID=8 ) ORDER BY od desc  [ RunTime:0.0000s ]
SQL: SELECT `id`,`name` FROM `tagvalue` WHERE ( keyID=9 ) ORDER BY od desc  [ RunTime:0.0000s ]

[ 2018-12-01T09:19:32+08:00 ] 127.0.0.1 /index.php/Admin/Attr/getAttrByCID.html
INFO: [ app_init ] --START--
INFO: Run Behavior\BuildLiteBehavior [ RunTime:0.000000s ]
INFO: [ app_init ] --END-- [ RunTime:0.001000s ]
INFO: [ app_begin ] --START--
INFO: Run Behavior\ReadHtmlCacheBehavior [ RunTime:0.000000s ]
INFO: [ app_begin ] --END-- [ RunTime:0.000000s ]
SQL: SHOW COLUMNS FROM `attrkey` [ RunTime:0.0090s ]
SQL: SELECT `id`,`name` FROM `attrkey` WHERE ( cid=7 ) ORDER BY od desc  [ RunTime:0.0000s ]
SQL: SHOW COLUMNS FROM `attrvalue` [ RunTime:0.0130s ]
SQL: SELECT `id`,`name` FROM `attrvalue` WHERE ( keyID=8 ) ORDER BY od desc  [ RunTime:0.0010s ]

