[ 2018-11-30T11:38:51+08:00 ] 127.0.0.1 /index.php/Admin
INFO: [ app_init ] --START--
INFO: Run Behavior\BuildLiteBehavior [ RunTime:0.000000s ]
INFO: [ app_init ] --END-- [ RunTime:0.000000s ]
INFO: [ app_begin ] --START--
INFO: Run Behavior\ReadHtmlCacheBehavior [ RunTime:0.000000s ]
INFO: [ app_begin ] --END-- [ RunTime:0.000000s ]
INFO: [ view_parse ] --START--
INFO: [ template_filter ] --START--
INFO: Run Behavior\ContentReplaceBehavior [ RunTime:0.000000s ]
INFO: [ template_filter ] --END-- [ RunTime:0.000000s ]
INFO: Run Behavior\ParseTemplateBehavior [ RunTime:0.046800s ]
INFO: [ view_parse ] --END-- [ RunTime:0.046800s ]
INFO: [ view_filter ] --START--
INFO: Run Behavior\WriteHtmlCacheBehavior [ RunTime:0.000000s ]
INFO: [ view_filter ] --END-- [ RunTime:0.000000s ]
INFO: [ app_end ] --START--
INFO: Run Behavior\ShowPageTraceBehavior [ RunTime:0.000000s ]
INFO: [ app_end ] --END-- [ RunTime:0.000000s ]

[ 2018-11-30T11:38:56+08:00 ] 127.0.0.1 /index.php/Admin/Product/product.html
INFO: [ app_init ] --START--
INFO: Run Behavior\BuildLiteBehavior [ RunTime:0.000000s ]
INFO: [ app_init ] --END-- [ RunTime:0.000000s ]
INFO: [ app_begin ] --START--
INFO: Run Behavior\ReadHtmlCacheBehavior [ RunTime:0.015601s ]
INFO: [ app_begin ] --END-- [ RunTime:0.015601s ]
INFO: [ view_parse ] --START--
INFO: [ template_filter ] --START--
INFO: Run Behavior\ContentReplaceBehavior [ RunTime:0.000000s ]
INFO: [ template_filter ] --END-- [ RunTime:0.000000s ]
INFO: Run Behavior\ParseTemplateBehavior [ RunTime:0.062400s ]
INFO: [ view_parse ] --END-- [ RunTime:0.062400s ]
INFO: [ view_filter ] --START--
INFO: Run Behavior\WriteHtmlCacheBehavior [ RunTime:0.000000s ]
INFO: [ view_filter ] --END-- [ RunTime:0.000000s ]
INFO: [ app_end ] --START--
INFO: Run Behavior\ShowPageTraceBehavior [ RunTime:0.015600s ]
INFO: [ app_end ] --END-- [ RunTime:0.015600s ]

[ 2018-11-30T11:38:56+08:00 ] 127.0.0.1 /index.php/Admin/Product/getProduct.html
INFO: [ app_init ] --START--
INFO: Run Behavior\BuildLiteBehavior [ RunTime:0.000000s ]
INFO: [ app_init ] --END-- [ RunTime:0.000000s ]
INFO: [ app_begin ] --START--
INFO: Run Behavior\ReadHtmlCacheBehavior [ RunTime:0.000000s ]
INFO: [ app_begin ] --END-- [ RunTime:0.000000s ]
NOTIC: [8] Undefined index: c4 D:\WWW\demo2\cheshi\Application\Admin\Controller\ProductController.class.php 第 114 行.
NOTIC: [8] Undefined index: c3 D:\WWW\demo2\cheshi\Application\Admin\Controller\ProductController.class.php 第 114 行.
NOTIC: [8] Undefined index: c2 D:\WWW\demo2\cheshi\Application\Admin\Controller\ProductController.class.php 第 114 行.
NOTIC: [8] Undefined index: c1 D:\WWW\demo2\cheshi\Application\Admin\Controller\ProductController.class.php 第 114 行.
SQL: SHOW COLUMNS FROM `product` [ RunTime:0.0156s ]
SQL: SELECT COUNT(id) AS tp_count FROM `product` WHERE (  1=1  ) LIMIT 1   [ RunTime:0.0468s ]
SQL: SELECT `id`,`pic1`,`name`,`type`,`od`,`state` FROM `product` WHERE (  1=1  ) ORDER BY id desc LIMIT 0,10   [ RunTime:0.0000s ]
INFO: [ app_end ] --START--
INFO: Run Behavior\ShowPageTraceBehavior [ RunTime:0.000000s ]
INFO: [ app_end ] --END-- [ RunTime:0.000000s ]

[ 2018-11-30T11:38:56+08:00 ] 127.0.0.1 /index.php/Admin/Category/getCategoryByPID.html
INFO: [ app_init ] --START--
INFO: Run Behavior\BuildLiteBehavior [ RunTime:0.000000s ]
INFO: [ app_init ] --END-- [ RunTime:0.000000s ]
INFO: [ app_begin ] --START--
INFO: Run Behavior\ReadHtmlCacheBehavior [ RunTime:0.000000s ]
INFO: [ app_begin ] --END-- [ RunTime:0.000000s ]
SQL: SHOW COLUMNS FROM `category` [ RunTime:0.0000s ]
SQL: SELECT `id`,`name` FROM `category` WHERE ( pid=0 )  [ RunTime:0.0000s ]

[ 2018-11-30T11:39:00+08:00 ] 127.0.0.1 /index.php/Admin/Product/ProductAdd/id/8
INFO: [ app_init ] --START--
INFO: Run Behavior\BuildLiteBehavior [ RunTime:0.000000s ]
INFO: [ app_init ] --END-- [ RunTime:0.000000s ]
INFO: [ app_begin ] --START--
INFO: Run Behavior\ReadHtmlCacheBehavior [ RunTime:0.000000s ]
INFO: [ app_begin ] --END-- [ RunTime:0.000000s ]
SQL: SHOW COLUMNS FROM `product` [ RunTime:0.0000s ]
SQL: SELECT * FROM `product` WHERE `id` = 8 LIMIT 1   [ RunTime:0.0000s ]
SQL: SHOW COLUMNS FROM `category` [ RunTime:0.0000s ]
SQL: SELECT `id`,`name` FROM `category` WHERE ( pid=0 )  [ RunTime:0.0000s ]
INFO: [ view_parse ] --START--
INFO: [ template_filter ] --START--
INFO: Run Behavior\ContentReplaceBehavior [ RunTime:0.000000s ]
INFO: [ template_filter ] --END-- [ RunTime:0.000000s ]
INFO: Run Behavior\ParseTemplateBehavior [ RunTime:0.062400s ]
INFO: [ view_parse ] --END-- [ RunTime:0.062400s ]
INFO: [ view_filter ] --START--
INFO: Run Behavior\WriteHtmlCacheBehavior [ RunTime:0.000000s ]
INFO: [ view_filter ] --END-- [ RunTime:0.000000s ]
INFO: [ app_end ] --START--
INFO: Run Behavior\ShowPageTraceBehavior [ RunTime:0.000000s ]
INFO: [ app_end ] --END-- [ RunTime:0.000000s ]

[ 2018-11-30T11:39:01+08:00 ] 127.0.0.1 /index.php/Admin/Category/getBrothersCategory.html
INFO: [ app_init ] --START--
INFO: Run Behavior\BuildLiteBehavior [ RunTime:0.000000s ]
INFO: [ app_init ] --END-- [ RunTime:0.000000s ]
INFO: [ app_begin ] --START--
INFO: Run Behavior\ReadHtmlCacheBehavior [ RunTime:0.000000s ]
INFO: [ app_begin ] --END-- [ RunTime:0.000000s ]
SQL: SHOW COLUMNS FROM `category` [ RunTime:0.0000s ]
SQL: SELECT `pid` FROM `category` WHERE ( id=6 ) LIMIT 1   [ RunTime:0.0000s ]
SQL: SELECT * FROM `category` WHERE ( pid=0 )  [ RunTime:0.0000s ]

[ 2018-11-30T11:39:01+08:00 ] 127.0.0.1 /index.php/Admin/Product/getProductTag.html
INFO: [ app_init ] --START--
INFO: Run Behavior\BuildLiteBehavior [ RunTime:0.000000s ]
INFO: [ app_init ] --END-- [ RunTime:0.000000s ]
INFO: [ app_begin ] --START--
INFO: Run Behavior\ReadHtmlCacheBehavior [ RunTime:0.000000s ]
INFO: [ app_begin ] --END-- [ RunTime:0.000000s ]
SQL: SHOW COLUMNS FROM `producttag` [ RunTime:0.0468s ]
SQL: SELECT `tagValueID` FROM `producttag` WHERE ( pid=8 )  [ RunTime:0.0312s ]

[ 2018-11-30T11:39:01+08:00 ] 127.0.0.1 /index.php/Admin/Category/getBrothersCategory.html
INFO: [ app_init ] --START--
INFO: Run Behavior\BuildLiteBehavior [ RunTime:0.000000s ]
INFO: [ app_init ] --END-- [ RunTime:0.000000s ]
INFO: [ app_begin ] --START--
INFO: Run Behavior\ReadHtmlCacheBehavior [ RunTime:0.000000s ]
INFO: [ app_begin ] --END-- [ RunTime:0.000000s ]
SQL: SHOW COLUMNS FROM `category` [ RunTime:0.0000s ]
SQL: SELECT `pid` FROM `category` WHERE ( id=7 ) LIMIT 1   [ RunTime:0.0000s ]
SQL: SELECT * FROM `category` WHERE ( pid=6 )  [ RunTime:0.0000s ]

[ 2018-11-30T11:39:02+08:00 ] 127.0.0.1 /index.php/Admin/Brand/getAllBrand.html
INFO: [ app_init ] --START--
INFO: Run Behavior\BuildLiteBehavior [ RunTime:0.000000s ]
INFO: [ app_init ] --END-- [ RunTime:0.000000s ]
INFO: [ app_begin ] --START--
INFO: Run Behavior\ReadHtmlCacheBehavior [ RunTime:0.000000s ]
INFO: [ app_begin ] --END-- [ RunTime:0.000000s ]
SQL: SHOW COLUMNS FROM `brand` [ RunTime:0.0156s ]
SQL: SELECT `id`,`name` FROM `brand` ORDER BY id desc  [ RunTime:0.0000s ]

[ 2018-11-30T11:39:02+08:00 ] 127.0.0.1 /index.php/Admin/Product/getProductAttr.html
INFO: [ app_init ] --START--
INFO: Run Behavior\BuildLiteBehavior [ RunTime:0.000000s ]
INFO: [ app_init ] --END-- [ RunTime:0.000000s ]
INFO: [ app_begin ] --START--
INFO: Run Behavior\ReadHtmlCacheBehavior [ RunTime:0.000000s ]
INFO: [ app_begin ] --END-- [ RunTime:0.000000s ]
SQL: SHOW COLUMNS FROM `productattr` [ RunTime:0.2964s ]
SQL: SELECT `attrValueID` FROM `productattr` WHERE ( pid=8 )  [ RunTime:0.0000s ]

[ 2018-11-30T11:39:02+08:00 ] 127.0.0.1 /index.php/Admin/Tag/getTagByCID.html
INFO: [ app_init ] --START--
INFO: Run Behavior\BuildLiteBehavior [ RunTime:0.000000s ]
INFO: [ app_init ] --END-- [ RunTime:0.000000s ]
INFO: [ app_begin ] --START--
INFO: Run Behavior\ReadHtmlCacheBehavior [ RunTime:0.000000s ]
INFO: [ app_begin ] --END-- [ RunTime:0.000000s ]
SQL: SHOW COLUMNS FROM `tagkey` [ RunTime:0.0312s ]
SQL: SELECT `id`,`name` FROM `tagkey` WHERE ( cid=6 ) ORDER BY od desc  [ RunTime:0.0000s ]
SQL: SHOW COLUMNS FROM `tagvalue` [ RunTime:0.0468s ]
SQL: SELECT `id`,`name` FROM `tagvalue` WHERE ( keyID=8 ) ORDER BY od desc  [ RunTime:0.0312s ]
SQL: SELECT `id`,`name` FROM `tagvalue` WHERE ( keyID=9 ) ORDER BY od desc  [ RunTime:0.0000s ]

[ 2018-11-30T11:39:03+08:00 ] 127.0.0.1 /index.php/Admin/Attr/getAttrByCID.html
INFO: [ app_init ] --START--
INFO: Run Behavior\BuildLiteBehavior [ RunTime:0.000000s ]
INFO: [ app_init ] --END-- [ RunTime:0.000000s ]
INFO: [ app_begin ] --START--
INFO: Run Behavior\ReadHtmlCacheBehavior [ RunTime:0.000000s ]
INFO: [ app_begin ] --END-- [ RunTime:0.000000s ]
SQL: SHOW COLUMNS FROM `attrkey` [ RunTime:0.1872s ]
SQL: SELECT `id`,`name` FROM `attrkey` WHERE ( cid=7 ) ORDER BY od desc  [ RunTime:0.0000s ]
SQL: SHOW COLUMNS FROM `attrvalue` [ RunTime:0.0780s ]
SQL: SELECT `id`,`name` FROM `attrvalue` WHERE ( keyID=8 ) ORDER BY od desc  [ RunTime:0.0000s ]

[ 2018-11-30T11:39:09+08:00 ] 127.0.0.1 /index.php/Admin/Category/getCategoryByPID.html
INFO: [ app_init ] --START--
INFO: Run Behavior\BuildLiteBehavior [ RunTime:0.000000s ]
INFO: [ app_init ] --END-- [ RunTime:0.015600s ]
INFO: [ app_begin ] --START--
INFO: Run Behavior\ReadHtmlCacheBehavior [ RunTime:0.000000s ]
INFO: [ app_begin ] --END-- [ RunTime:0.000000s ]
SQL: SHOW COLUMNS FROM `category` [ RunTime:0.0156s ]
SQL: SELECT `id`,`name` FROM `category` WHERE ( pid=7 )  [ RunTime:0.0000s ]

[ 2018-11-30T11:39:09+08:00 ] 127.0.0.1 /index.php/Admin/Attr/getAttrByCID.html
INFO: [ app_init ] --START--
INFO: Run Behavior\BuildLiteBehavior [ RunTime:0.000000s ]
INFO: [ app_init ] --END-- [ RunTime:0.000000s ]
INFO: [ app_begin ] --START--
INFO: Run Behavior\ReadHtmlCacheBehavior [ RunTime:0.000000s ]
INFO: [ app_begin ] --END-- [ RunTime:0.000000s ]
SQL: SHOW COLUMNS FROM `attrkey` [ RunTime:0.0000s ]
SQL: SELECT `id`,`name` FROM `attrkey` WHERE ( cid=7 ) ORDER BY od desc  [ RunTime:0.0000s ]
SQL: SHOW COLUMNS FROM `attrvalue` [ RunTime:0.0156s ]
SQL: SELECT `id`,`name` FROM `attrvalue` WHERE ( keyID=8 ) ORDER BY od desc  [ RunTime:0.0000s ]

[ 2018-11-30T11:39:13+08:00 ] 127.0.0.1 /index.php/Admin/Category/getCategoryByPID.html
INFO: [ app_init ] --START--
INFO: Run Behavior\BuildLiteBehavior [ RunTime:0.000000s ]
INFO: [ app_init ] --END-- [ RunTime:0.000000s ]
INFO: [ app_begin ] --START--
INFO: Run Behavior\ReadHtmlCacheBehavior [ RunTime:0.000000s ]
INFO: [ app_begin ] --END-- [ RunTime:0.000000s ]
SQL: SHOW COLUMNS FROM `category` [ RunTime:0.0000s ]
SQL: SELECT `id`,`name` FROM `category` WHERE ( pid=29 )  [ RunTime:0.0000s ]

[ 2018-11-30T11:39:28+08:00 ] 127.0.0.1 /index.php/Admin/Product/save.html
INFO: [ app_init ] --START--
INFO: Run Behavior\BuildLiteBehavior [ RunTime:0.000000s ]
INFO: [ app_init ] --END-- [ RunTime:0.000000s ]
INFO: [ app_begin ] --START--
INFO: Run Behavior\ReadHtmlCacheBehavior [ RunTime:0.000000s ]
INFO: [ app_begin ] --END-- [ RunTime:0.000000s ]
NOTIC: [2] Missing argument 1 for I(), called in D:\WWW\demo2\cheshi\Application\Admin\Controller\ProductController.class.php on line 24 and defined D:\WWW\demo2\cheshi\thinkphp\Common\functions.php 第 271 行.
NOTIC: [8] Undefined variable: name D:\WWW\demo2\cheshi\thinkphp\Common\functions.php 第 273 行.
NOTIC: [8] Undefined variable: name D:\WWW\demo2\cheshi\thinkphp\Common\functions.php 第 278 行.
NOTIC: [8] Undefined variable: name D:\WWW\demo2\cheshi\thinkphp\Common\functions.php 第 339 行.
NOTIC: [8] Undefined index: attr D:\WWW\demo2\cheshi\Application\Admin\Controller\ProductController.class.php 第 42 行.
SQL: SHOW COLUMNS FROM `product` [ RunTime:0.0156s ]
NOTIC: [8] Undefined index: validate D:\WWW\demo2\cheshi\thinkphp\Library\Think\Model.class.php 第 1185 行.
NOTIC: [8] Undefined index: auto D:\WWW\demo2\cheshi\thinkphp\Library\Think\Model.class.php 第 1128 行.
SQL: UPDATE `product` SET `name`='外星人笔记本',`type`='wxr-c10-8g-256',`brand`='4',`c1`='6',`c2`='7',`c3`='29',`c4`='0',`od`='0',`discount`='5%',`isdiscount`='1',`column1`='1',`pic1`='/public/Img/2018-11-28/15433773974789.jpg',`pic2`='',`pic3`='',`pic4`='',`tcontent`='&lt;p&gt;8g内容 256g固态硬盘&lt;br/&gt;&lt;/p&gt;',`pcontent`='&lt;p&gt;外星人笔记本&lt;/p&gt;',`column2`='2',`column3`='2',`column4`='2',`column5`='2' WHERE `id` = 8 [ RunTime:0.0624s ]
SQL: SHOW COLUMNS FROM `producttag` [ RunTime:0.0000s ]
SQL: DELETE FROM `producttag` WHERE ( pid=8 ) [ RunTime:0.0000s ]
SQL: SHOW COLUMNS FROM `productattr` [ RunTime:0.0000s ]
SQL: DELETE FROM `productattr` WHERE ( pid=8 ) [ RunTime:0.0000s ]
SQL: INSERT INTO `producttag` (`pid`,`tagValueID`) VALUES ('8','8') [ RunTime:0.0156s ]
INFO: [ view_parse ] --START--
INFO: [ template_filter ] --START--
INFO: Run Behavior\ContentReplaceBehavior [ RunTime:0.000000s ]
INFO: [ template_filter ] --END-- [ RunTime:0.000000s ]
INFO: Run Behavior\ParseTemplateBehavior [ RunTime:0.031200s ]
INFO: [ view_parse ] --END-- [ RunTime:0.031200s ]
INFO: [ view_filter ] --START--
INFO: Run Behavior\WriteHtmlCacheBehavior [ RunTime:0.000000s ]
INFO: [ view_filter ] --END-- [ RunTime:0.000000s ]
INFO: [ app_end ] --START--
INFO: Run Behavior\ShowPageTraceBehavior [ RunTime:0.000000s ]
INFO: [ app_end ] --END-- [ RunTime:0.000000s ]

[ 2018-11-30T11:39:30+08:00 ] 127.0.0.1 /index.php/Admin/Product/ProductAdd/id/8
INFO: [ app_init ] --START--
INFO: Run Behavior\BuildLiteBehavior [ RunTime:0.000000s ]
INFO: [ app_init ] --END-- [ RunTime:0.000000s ]
INFO: [ app_begin ] --START--
INFO: Run Behavior\ReadHtmlCacheBehavior [ RunTime:0.000000s ]
INFO: [ app_begin ] --END-- [ RunTime:0.000000s ]
SQL: SHOW COLUMNS FROM `product` [ RunTime:0.0000s ]
SQL: SELECT * FROM `product` WHERE `id` = 8 LIMIT 1   [ RunTime:0.0000s ]
SQL: SHOW COLUMNS FROM `category` [ RunTime:0.0156s ]
SQL: SELECT `id`,`name` FROM `category` WHERE ( pid=0 )  [ RunTime:0.0000s ]
INFO: [ view_parse ] --START--
INFO: [ template_filter ] --START--
INFO: Run Behavior\ContentReplaceBehavior [ RunTime:0.000000s ]
INFO: [ template_filter ] --END-- [ RunTime:0.000000s ]
INFO: Run Behavior\ParseTemplateBehavior [ RunTime:0.031200s ]
INFO: [ view_parse ] --END-- [ RunTime:0.031200s ]
INFO: [ view_filter ] --START--
INFO: Run Behavior\WriteHtmlCacheBehavior [ RunTime:0.000000s ]
INFO: [ view_filter ] --END-- [ RunTime:0.000000s ]
INFO: [ app_end ] --START--
INFO: Run Behavior\ShowPageTraceBehavior [ RunTime:0.000000s ]
INFO: [ app_end ] --END-- [ RunTime:0.000000s ]

[ 2018-11-30T11:39:30+08:00 ] 127.0.0.1 /index.php/Admin/Category/getBrothersCategory.html
INFO: [ app_init ] --START--
INFO: Run Behavior\BuildLiteBehavior [ RunTime:0.000000s ]
INFO: [ app_init ] --END-- [ RunTime:0.000000s ]
INFO: [ app_begin ] --START--
INFO: Run Behavior\ReadHtmlCacheBehavior [ RunTime:0.000000s ]
INFO: [ app_begin ] --END-- [ RunTime:0.000000s ]
SQL: SHOW COLUMNS FROM `category` [ RunTime:0.0000s ]
SQL: SELECT `pid` FROM `category` WHERE ( id=6 ) LIMIT 1   [ RunTime:0.0000s ]
SQL: SELECT * FROM `category` WHERE ( pid=0 )  [ RunTime:0.0156s ]

[ 2018-11-30T11:39:30+08:00 ] 127.0.0.1 /index.php/Admin/Product/getProductTag.html
INFO: [ app_init ] --START--
INFO: Run Behavior\BuildLiteBehavior [ RunTime:0.000000s ]
INFO: [ app_init ] --END-- [ RunTime:0.000000s ]
INFO: [ app_begin ] --START--
INFO: Run Behavior\ReadHtmlCacheBehavior [ RunTime:0.000000s ]
INFO: [ app_begin ] --END-- [ RunTime:0.000000s ]
SQL: SHOW COLUMNS FROM `producttag` [ RunTime:0.0156s ]
SQL: SELECT `tagValueID` FROM `producttag` WHERE ( pid=8 )  [ RunTime:0.0000s ]

[ 2018-11-30T11:39:30+08:00 ] 127.0.0.1 /index.php/Admin/Product/getProductAttr.html
INFO: [ app_init ] --START--
INFO: Run Behavior\BuildLiteBehavior [ RunTime:0.000000s ]
INFO: [ app_init ] --END-- [ RunTime:0.000000s ]
INFO: [ app_begin ] --START--
INFO: Run Behavior\ReadHtmlCacheBehavior [ RunTime:0.000000s ]
INFO: [ app_begin ] --END-- [ RunTime:0.000000s ]
SQL: SHOW COLUMNS FROM `productattr` [ RunTime:0.0000s ]
SQL: SELECT `attrValueID` FROM `productattr` WHERE ( pid=8 )  [ RunTime:0.0000s ]

[ 2018-11-30T11:39:30+08:00 ] 127.0.0.1 /index.php/Admin/Category/getBrothersCategory.html
INFO: [ app_init ] --START--
INFO: Run Behavior\BuildLiteBehavior [ RunTime:0.000000s ]
INFO: [ app_init ] --END-- [ RunTime:0.000000s ]
INFO: [ app_begin ] --START--
INFO: Run Behavior\ReadHtmlCacheBehavior [ RunTime:0.000000s ]
INFO: [ app_begin ] --END-- [ RunTime:0.000000s ]
SQL: SHOW COLUMNS FROM `category` [ RunTime:0.0000s ]
SQL: SELECT `pid` FROM `category` WHERE ( id=29 ) LIMIT 1   [ RunTime:0.0000s ]
SQL: SELECT * FROM `category` WHERE ( pid=7 )  [ RunTime:0.0000s ]

[ 2018-11-30T11:39:30+08:00 ] 127.0.0.1 /index.php/Admin/Category/getBrothersCategory.html
INFO: [ app_init ] --START--
INFO: Run Behavior\BuildLiteBehavior [ RunTime:0.000000s ]
INFO: [ app_init ] --END-- [ RunTime:0.000000s ]
INFO: [ app_begin ] --START--
INFO: Run Behavior\ReadHtmlCacheBehavior [ RunTime:0.015600s ]
INFO: [ app_begin ] --END-- [ RunTime:0.015600s ]
SQL: SHOW COLUMNS FROM `category` [ RunTime:0.0156s ]
SQL: SELECT `pid` FROM `category` WHERE ( id=7 ) LIMIT 1   [ RunTime:0.0000s ]
SQL: SELECT * FROM `category` WHERE ( pid=6 )  [ RunTime:0.0000s ]

[ 2018-11-30T11:39:30+08:00 ] 127.0.0.1 /index.php/Admin/Tag/getTagByCID.html
INFO: [ app_init ] --START--
INFO: Run Behavior\BuildLiteBehavior [ RunTime:0.000000s ]
INFO: [ app_init ] --END-- [ RunTime:0.000000s ]
INFO: [ app_begin ] --START--
INFO: Run Behavior\ReadHtmlCacheBehavior [ RunTime:0.000000s ]
INFO: [ app_begin ] --END-- [ RunTime:0.000000s ]
SQL: SHOW COLUMNS FROM `tagkey` [ RunTime:0.0000s ]
SQL: SELECT `id`,`name` FROM `tagkey` WHERE ( cid=6 ) ORDER BY od desc  [ RunTime:0.0000s ]
SQL: SHOW COLUMNS FROM `tagvalue` [ RunTime:0.0156s ]
SQL: SELECT `id`,`name` FROM `tagvalue` WHERE ( keyID=8 ) ORDER BY od desc  [ RunTime:0.0000s ]
SQL: SELECT `id`,`name` FROM `tagvalue` WHERE ( keyID=9 ) ORDER BY od desc  [ RunTime:0.0000s ]

[ 2018-11-30T11:39:30+08:00 ] 127.0.0.1 /index.php/Admin/Attr/getAttrByCID.html
INFO: [ app_init ] --START--
INFO: Run Behavior\BuildLiteBehavior [ RunTime:0.000000s ]
INFO: [ app_init ] --END-- [ RunTime:0.000000s ]
INFO: [ app_begin ] --START--
INFO: Run Behavior\ReadHtmlCacheBehavior [ RunTime:0.000000s ]
INFO: [ app_begin ] --END-- [ RunTime:0.000000s ]
SQL: SHOW COLUMNS FROM `attrkey` [ RunTime:0.0156s ]
SQL: SELECT `id`,`name` FROM `attrkey` WHERE ( cid=7 ) ORDER BY od desc  [ RunTime:0.0000s ]
SQL: SHOW COLUMNS FROM `attrvalue` [ RunTime:0.0156s ]
SQL: SELECT `id`,`name` FROM `attrvalue` WHERE ( keyID=8 ) ORDER BY od desc  [ RunTime:0.0000s ]

[ 2018-11-30T11:39:30+08:00 ] 127.0.0.1 /index.php/Admin/Brand/getAllBrand.html
INFO: [ app_init ] --START--
INFO: Run Behavior\BuildLiteBehavior [ RunTime:0.000000s ]
INFO: [ app_init ] --END-- [ RunTime:0.000000s ]
INFO: [ app_begin ] --START--
INFO: Run Behavior\ReadHtmlCacheBehavior [ RunTime:0.000000s ]
INFO: [ app_begin ] --END-- [ RunTime:0.000000s ]
SQL: SHOW COLUMNS FROM `brand` [ RunTime:0.0000s ]
SQL: SELECT `id`,`name` FROM `brand` ORDER BY id desc  [ RunTime:0.0000s ]

